<?xml version="1.0" encoding="UTF-8"?>
<testsuite xmlns:xsi="http://www.w3.org/2001/XMLSchema-instance" xsi:noNamespaceSchemaLocation="https://maven.apache.org/surefire/maven-surefire-plugin/xsd/surefire-test-report.xsd" name="com.zq.AppTest" time="0.066" tests="1" errors="0" skipped="0" failures="0">
  <properties>
    <property name="sun.desktop" value="windows"/>
    <property name="awt.toolkit" value="sun.awt.windows.WToolkit"/>
    <property name="file.encoding.pkg" value="sun.io"/>
    <property name="java.specification.version" value="1.8"/>
    <property name="sun.cpu.isalist" value="amd64"/>
    <property name="sun.jnu.encoding" value="GBK"/>
    <property name="java.class.path" value="E:\gzbweb\javaBackend\study\studyutil\target\test-classes;E:\gzbweb\javaBackend\study\studyutil\target\classes;C:\Users\Administrator.PC-20190829PANP\.m2\repository\junit\junit\4.11\junit-4.11.jar;C:\Users\Administrator.PC-20190829PANP\.m2\repository\org\hamcrest\hamcrest-core\1.3\hamcrest-core-1.3.jar;C:\Users\Administrator.PC-20190829PANP\.m2\repository\org\springframework\spring-core\4.0.2.RELEASE\spring-core-4.0.2.RELEASE.jar;C:\Users\Administrator.PC-20190829PANP\.m2\repository\commons-logging\commons-logging\1.1.3\commons-logging-1.1.3.jar;C:\Users\Administrator.PC-20190829PANP\.m2\repository\org\springframework\spring-web\4.0.2.RELEASE\spring-web-4.0.2.RELEASE.jar;C:\Users\Administrator.PC-20190829PANP\.m2\repository\org\springframework\spring-beans\4.0.2.RELEASE\spring-beans-4.0.2.RELEASE.jar;C:\Users\Administrator.PC-20190829PANP\.m2\repository\org\springframework\spring-context\4.0.2.RELEASE\spring-context-4.0.2.RELEASE.jar;C:\Users\Administrator.PC-20190829PANP\.m2\repository\org\springframework\spring-oxm\4.0.2.RELEASE\spring-oxm-4.0.2.RELEASE.jar;C:\Users\Administrator.PC-20190829PANP\.m2\repository\org\springframework\spring-tx\4.0.2.RELEASE\spring-tx-4.0.2.RELEASE.jar;C:\Users\Administrator.PC-20190829PANP\.m2\repository\org\springframework\spring-jdbc\4.0.2.RELEASE\spring-jdbc-4.0.2.RELEASE.jar;C:\Users\Administrator.PC-20190829PANP\.m2\repository\org\springframework\spring-webmvc\4.0.2.RELEASE\spring-webmvc-4.0.2.RELEASE.jar;C:\Users\Administrator.PC-20190829PANP\.m2\repository\org\springframework\spring-expression\4.0.2.RELEASE\spring-expression-4.0.2.RELEASE.jar;C:\Users\Administrator.PC-20190829PANP\.m2\repository\org\springframework\spring-aop\4.0.2.RELEASE\spring-aop-4.0.2.RELEASE.jar;C:\Users\Administrator.PC-20190829PANP\.m2\repository\aopalliance\aopalliance\1.0\aopalliance-1.0.jar;C:\Users\Administrator.PC-20190829PANP\.m2\repository\org\springframework\spring-context-support\4.0.2.RELEASE\spring-context-support-4.0.2.RELEASE.jar;C:\Users\Administrator.PC-20190829PANP\.m2\repository\org\springframework\spring-test\4.0.2.RELEASE\spring-test-4.0.2.RELEASE.jar;C:\Users\Administrator.PC-20190829PANP\.m2\repository\org\springframework\data\spring-data-redis\2.0.7.RELEASE\spring-data-redis-2.0.7.RELEASE.jar;C:\Users\Administrator.PC-20190829PANP\.m2\repository\org\springframework\data\spring-data-keyvalue\2.0.7.RELEASE\spring-data-keyvalue-2.0.7.RELEASE.jar;C:\Users\Administrator.PC-20190829PANP\.m2\repository\org\springframework\data\spring-data-commons\2.0.7.RELEASE\spring-data-commons-2.0.7.RELEASE.jar;C:\Users\Administrator.PC-20190829PANP\.m2\repository\org\apache\commons\commons-pool2\2.4.2\commons-pool2-2.4.2.jar;C:\Users\Administrator.PC-20190829PANP\.m2\repository\redis\clients\jedis\2.10.0\jedis-2.10.0.jar;C:\Users\Administrator.PC-20190829PANP\.m2\repository\org\mybatis\mybatis\3.2.6\mybatis-3.2.6.jar;C:\Users\Administrator.PC-20190829PANP\.m2\repository\org\mybatis\mybatis-spring\1.2.2\mybatis-spring-1.2.2.jar;C:\Users\Administrator.PC-20190829PANP\.m2\repository\javax\javaee-api\7.0\javaee-api-7.0.jar;C:\Users\Administrator.PC-20190829PANP\.m2\repository\com\sun\mail\javax.mail\1.5.0\javax.mail-1.5.0.jar;C:\Users\Administrator.PC-20190829PANP\.m2\repository\javax\activation\activation\1.1\activation-1.1.jar;C:\Users\Administrator.PC-20190829PANP\.m2\repository\com\alibaba\druid\1.0.31\druid-1.0.31.jar;C:\Program Files\Java\jdk1.8.0_161\jre\..\lib\jconsole.jar;C:\Program Files\Java\jdk1.8.0_161\jre\..\lib\tools.jar;C:\Users\Administrator.PC-20190829PANP\.m2\repository\mysql\mysql-connector-java\5.1.30\mysql-connector-java-5.1.30.jar;C:\Users\Administrator.PC-20190829PANP\.m2\repository\commons-dbcp\commons-dbcp\1.2.2\commons-dbcp-1.2.2.jar;C:\Users\Administrator.PC-20190829PANP\.m2\repository\commons-pool\commons-pool\1.3\commons-pool-1.3.jar;C:\Users\Administrator.PC-20190829PANP\.m2\repository\jstl\jstl\1.2\jstl-1.2.jar;C:\Users\Administrator.PC-20190829PANP\.m2\repository\log4j\log4j\1.2.17\log4j-1.2.17.jar;C:\Users\Administrator.PC-20190829PANP\.m2\repository\com\alibaba\fastjson\1.1.41\fastjson-1.1.41.jar;C:\Users\Administrator.PC-20190829PANP\.m2\repository\org\slf4j\slf4j-api\1.7.7\slf4j-api-1.7.7.jar;C:\Users\Administrator.PC-20190829PANP\.m2\repository\org\slf4j\slf4j-log4j12\1.7.7\slf4j-log4j12-1.7.7.jar;C:\Users\Administrator.PC-20190829PANP\.m2\repository\org\codehaus\jackson\jackson-mapper-asl\1.9.13\jackson-mapper-asl-1.9.13.jar;C:\Users\Administrator.PC-20190829PANP\.m2\repository\org\codehaus\jackson\jackson-core-asl\1.9.13\jackson-core-asl-1.9.13.jar;C:\Users\Administrator.PC-20190829PANP\.m2\repository\commons-fileupload\commons-fileupload\1.3.1\commons-fileupload-1.3.1.jar;C:\Users\Administrator.PC-20190829PANP\.m2\repository\commons-io\commons-io\2.4\commons-io-2.4.jar;C:\Users\Administrator.PC-20190829PANP\.m2\repository\commons-codec\commons-codec\1.9\commons-codec-1.9.jar;"/>
    <property name="java.vm.vendor" value="Oracle Corporation"/>
    <property name="sun.arch.data.model" value="64"/>
    <property name="user.variant" value=""/>
    <property name="java.vendor.url" value="http://java.oracle.com/"/>
    <property name="user.timezone" value="Asia/Shanghai"/>
    <property name="java.vm.specification.version" value="1.8"/>
    <property name="os.name" value="Windows 7"/>
    <property name="user.country" value="CN"/>
    <property name="sun.java.launcher" value="SUN_STANDARD"/>
    <property name="sun.boot.library.path" value="C:\Program Files\Java\jdk1.8.0_161\jre\bin"/>
    <property name="sun.java.command" value="C:\Users\ADMINI~1.PC-\AppData\Local\Temp\surefire7583859200365800736\surefirebooter5184392115993559711.jar C:\Users\Administrator.PC-20190829PANP\AppData\Local\Temp\surefire7583859200365800736 2019-09-10T15-47-17_383-jvmRun1 surefire4561406033241370327tmp surefire_21479345737253556436tmp"/>
    <property name="surefire.test.class.path" value="E:\gzbweb\javaBackend\study\studyutil\target\test-classes;E:\gzbweb\javaBackend\study\studyutil\target\classes;C:\Users\Administrator.PC-20190829PANP\.m2\repository\junit\junit\4.11\junit-4.11.jar;C:\Users\Administrator.PC-20190829PANP\.m2\repository\org\hamcrest\hamcrest-core\1.3\hamcrest-core-1.3.jar;C:\Users\Administrator.PC-20190829PANP\.m2\repository\org\springframework\spring-core\4.0.2.RELEASE\spring-core-4.0.2.RELEASE.jar;C:\Users\Administrator.PC-20190829PANP\.m2\repository\commons-logging\commons-logging\1.1.3\commons-logging-1.1.3.jar;C:\Users\Administrator.PC-20190829PANP\.m2\repository\org\springframework\spring-web\4.0.2.RELEASE\spring-web-4.0.2.RELEASE.jar;C:\Users\Administrator.PC-20190829PANP\.m2\repository\org\springframework\spring-beans\4.0.2.RELEASE\spring-beans-4.0.2.RELEASE.jar;C:\Users\Administrator.PC-20190829PANP\.m2\repository\org\springframework\spring-context\4.0.2.RELEASE\spring-context-4.0.2.RELEASE.jar;C:\Users\Administrator.PC-20190829PANP\.m2\repository\org\springframework\spring-oxm\4.0.2.RELEASE\spring-oxm-4.0.2.RELEASE.jar;C:\Users\Administrator.PC-20190829PANP\.m2\repository\org\springframework\spring-tx\4.0.2.RELEASE\spring-tx-4.0.2.RELEASE.jar;C:\Users\Administrator.PC-20190829PANP\.m2\repository\org\springframework\spring-jdbc\4.0.2.RELEASE\spring-jdbc-4.0.2.RELEASE.jar;C:\Users\Administrator.PC-20190829PANP\.m2\repository\org\springframework\spring-webmvc\4.0.2.RELEASE\spring-webmvc-4.0.2.RELEASE.jar;C:\Users\Administrator.PC-20190829PANP\.m2\repository\org\springframework\spring-expression\4.0.2.RELEASE\spring-expression-4.0.2.RELEASE.jar;C:\Users\Administrator.PC-20190829PANP\.m2\repository\org\springframework\spring-aop\4.0.2.RELEASE\spring-aop-4.0.2.RELEASE.jar;C:\Users\Administrator.PC-20190829PANP\.m2\repository\aopalliance\aopalliance\1.0\aopalliance-1.0.jar;C:\Users\Administrator.PC-20190829PANP\.m2\repository\org\springframework\spring-context-support\4.0.2.RELEASE\spring-context-support-4.0.2.RELEASE.jar;C:\Users\Administrator.PC-20190829PANP\.m2\repository\org\springframework\spring-test\4.0.2.RELEASE\spring-test-4.0.2.RELEASE.jar;C:\Users\Administrator.PC-20190829PANP\.m2\repository\org\springframework\data\spring-data-redis\2.0.7.RELEASE\spring-data-redis-2.0.7.RELEASE.jar;C:\Users\Administrator.PC-20190829PANP\.m2\repository\org\springframework\data\spring-data-keyvalue\2.0.7.RELEASE\spring-data-keyvalue-2.0.7.RELEASE.jar;C:\Users\Administrator.PC-20190829PANP\.m2\repository\org\springframework\data\spring-data-commons\2.0.7.RELEASE\spring-data-commons-2.0.7.RELEASE.jar;C:\Users\Administrator.PC-20190829PANP\.m2\repository\org\apache\commons\commons-pool2\2.4.2\commons-pool2-2.4.2.jar;C:\Users\Administrator.PC-20190829PANP\.m2\repository\redis\clients\jedis\2.10.0\jedis-2.10.0.jar;C:\Users\Administrator.PC-20190829PANP\.m2\repository\org\mybatis\mybatis\3.2.6\mybatis-3.2.6.jar;C:\Users\Administrator.PC-20190829PANP\.m2\repository\org\mybatis\mybatis-spring\1.2.2\mybatis-spring-1.2.2.jar;C:\Users\Administrator.PC-20190829PANP\.m2\repository\javax\javaee-api\7.0\javaee-api-7.0.jar;C:\Users\Administrator.PC-20190829PANP\.m2\repository\com\sun\mail\javax.mail\1.5.0\javax.mail-1.5.0.jar;C:\Users\Administrator.PC-20190829PANP\.m2\repository\javax\activation\activation\1.1\activation-1.1.jar;C:\Users\Administrator.PC-20190829PANP\.m2\repository\com\alibaba\druid\1.0.31\druid-1.0.31.jar;C:\Program Files\Java\jdk1.8.0_161\jre\..\lib\jconsole.jar;C:\Program Files\Java\jdk1.8.0_161\jre\..\lib\tools.jar;C:\Users\Administrator.PC-20190829PANP\.m2\repository\mysql\mysql-connector-java\5.1.30\mysql-connector-java-5.1.30.jar;C:\Users\Administrator.PC-20190829PANP\.m2\repository\commons-dbcp\commons-dbcp\1.2.2\commons-dbcp-1.2.2.jar;C:\Users\Administrator.PC-20190829PANP\.m2\repository\commons-pool\commons-pool\1.3\commons-pool-1.3.jar;C:\Users\Administrator.PC-20190829PANP\.m2\repository\jstl\jstl\1.2\jstl-1.2.jar;C:\Users\Administrator.PC-20190829PANP\.m2\repository\log4j\log4j\1.2.17\log4j-1.2.17.jar;C:\Users\Administrator.PC-20190829PANP\.m2\repository\com\alibaba\fastjson\1.1.41\fastjson-1.1.41.jar;C:\Users\Administrator.PC-20190829PANP\.m2\repository\org\slf4j\slf4j-api\1.7.7\slf4j-api-1.7.7.jar;C:\Users\Administrator.PC-20190829PANP\.m2\repository\org\slf4j\slf4j-log4j12\1.7.7\slf4j-log4j12-1.7.7.jar;C:\Users\Administrator.PC-20190829PANP\.m2\repository\org\codehaus\jackson\jackson-mapper-asl\1.9.13\jackson-mapper-asl-1.9.13.jar;C:\Users\Administrator.PC-20190829PANP\.m2\repository\org\codehaus\jackson\jackson-core-asl\1.9.13\jackson-core-asl-1.9.13.jar;C:\Users\Administrator.PC-20190829PANP\.m2\repository\commons-fileupload\commons-fileupload\1.3.1\commons-fileupload-1.3.1.jar;C:\Users\Administrator.PC-20190829PANP\.m2\repository\commons-io\commons-io\2.4\commons-io-2.4.jar;C:\Users\Administrator.PC-20190829PANP\.m2\repository\commons-codec\commons-codec\1.9\commons-codec-1.9.jar;"/>
    <property name="sun.cpu.endian" value="little"/>
    <property name="user.home" value="C:\Users\Administrator.PC-20190829PANP"/>
    <property name="user.language" value="zh"/>
    <property name="java.specification.vendor" value="Oracle Corporation"/>
    <property name="java.home" value="C:\Program Files\Java\jdk1.8.0_161\jre"/>
    <property name="basedir" value="E:\gzbweb\javaBackend\study\studyutil"/>
    <property name="file.separator" value="\"/>
    <property name="line.separator" value="&#10;"/>
    <property name="java.vm.specification.vendor" value="Oracle Corporation"/>
    <property name="java.specification.name" value="Java Platform API Specification"/>
    <property name="java.awt.graphicsenv" value="sun.awt.Win32GraphicsEnvironment"/>
    <property name="surefire.real.class.path" value="C:\Users\ADMINI~1.PC-\AppData\Local\Temp\surefire7583859200365800736\surefirebooter5184392115993559711.jar"/>
    <property name="sun.boot.class.path" value="C:\Program Files\Java\jdk1.8.0_161\jre\lib\resources.jar;C:\Program Files\Java\jdk1.8.0_161\jre\lib\rt.jar;C:\Program Files\Java\jdk1.8.0_161\jre\lib\sunrsasign.jar;C:\Program Files\Java\jdk1.8.0_161\jre\lib\jsse.jar;C:\Program Files\Java\jdk1.8.0_161\jre\lib\jce.jar;C:\Program Files\Java\jdk1.8.0_161\jre\lib\charsets.jar;C:\Program Files\Java\jdk1.8.0_161\jre\lib\jfr.jar;C:\Program Files\Java\jdk1.8.0_161\jre\classes"/>
    <property name="user.script" value=""/>
    <property name="sun.management.compiler" value="HotSpot 64-Bit Tiered Compilers"/>
    <property name="java.runtime.version" value="1.8.0_161-b12"/>
    <property name="user.name" value="Administrator"/>
    <property name="path.separator" value=";"/>
    <property name="os.version" value="6.1"/>
    <property name="java.endorsed.dirs" value="C:\Program Files\Java\jdk1.8.0_161\jre\lib\endorsed"/>
    <property name="java.runtime.name" value="Java(TM) SE Runtime Environment"/>
    <property name="file.encoding" value="GBK"/>
    <property name="java.vm.name" value="Java HotSpot(TM) 64-Bit Server VM"/>
    <property name="localRepository" value="C:\Users\Administrator.PC-20190829PANP\.m2\repository"/>
    <property name="java.vendor.url.bug" value="http://bugreport.sun.com/bugreport/"/>
    <property name="java.io.tmpdir" value="C:\Users\ADMINI~1.PC-\AppData\Local\Temp\"/>
    <property name="java.version" value="1.8.0_161"/>
    <property name="user.dir" value="E:\gzbweb\javaBackend\study\studyutil"/>
    <property name="os.arch" value="amd64"/>
    <property name="java.vm.specification.name" value="Java Virtual Machine Specification"/>
    <property name="java.awt.printerjob" value="sun.awt.windows.WPrinterJob"/>
    <property name="sun.os.patch.level" value="Service Pack 1"/>
    <property name="java.library.path" value="C:\Program Files\Java\jdk1.8.0_161\jre\bin;C:\Windows\Sun\Java\bin;C:\Windows\system32;C:\Windows;C:\Program Files (x86)\NetSarang\Xftp 6\;C:\Program Files\Java\jdk1.8.0_161\bin;C:\Program Files\Java\jdk1.8.0_161\jre\bin;C:\ProgramData\Oracle\Java\javapath;C:\Windows\system32;C:\Windows;C:\Windows\System32\Wbem;C:\Windows\System32\WindowsPowerShell\v1.0\;D:\tool\tomcat\apache-tomcat-8.5.45-windows-x64\apache-tomcat-8.5.45\lib;D:\tool\tomcat\apache-tomcat-8.5.45-windows-x64\apache-tomcat-8.5.45\bin;D:\tool\maven\apache-maven-3.5.3\bin;C:\Program Files\nodejs\;C:\Program Files\nodejs\node_global;C:\Program Files\TortoiseGit\bin;C:\Program Files\Git\cmd;C:\Users\Administrator.PC-20190829PANP\AppData\Roaming\npm;C:\Users\Administrator.PC-20190829PANP\AppData\Local\Programs\Microsoft VS Code\bin;."/>
    <property name="java.vm.info" value="mixed mode"/>
    <property name="java.vendor" value="Oracle Corporation"/>
    <property name="java.vm.version" value="25.161-b12"/>
    <property name="java.ext.dirs" value="C:\Program Files\Java\jdk1.8.0_161\jre\lib\ext;C:\Windows\Sun\Java\lib\ext"/>
    <property name="sun.io.unicode.encoding" value="UnicodeLittle"/>
    <property name="java.class.version" value="52.0"/>
  </properties>
  <testcase name="shouldAnswerWithTrue" classname="com.zq.AppTest" time="0"/>
</testsuite>